[34m2019-10-08 19:35:40.857 UTC [localconfig] completeInitialization -> INFO 001[0m Kafka.Version unset, setting to 0.10.2.0
[34m2019-10-08 19:35:40.870 UTC [orderer.common.server] prettyPrintStruct -> INFO 002[0m Orderer config values:
	General.LedgerType = "file"
	General.ListenAddress = "0.0.0.0"
	General.ListenPort = 7050
	General.TLS.Enabled = false
	General.TLS.PrivateKey = "/var/hyperledger/msp/tls/server.key"
	General.TLS.Certificate = "/var/hyperledger/msp/tls/server.crt"
	General.TLS.RootCAs = [/var/hyperledger/msp/tls/ca.crt]
	General.TLS.ClientAuthRequired = false
	General.TLS.ClientRootCAs = []
	General.Cluster.ListenAddress = ""
	General.Cluster.ListenPort = 0
	General.Cluster.ServerCertificate = ""
	General.Cluster.ServerPrivateKey = ""
	General.Cluster.ClientCertificate = ""
	General.Cluster.ClientPrivateKey = ""
	General.Cluster.RootCAs = []
	General.Cluster.DialTimeout = 5s
	General.Cluster.RPCTimeout = 7s
	General.Cluster.ReplicationBufferSize = 20971520
	General.Cluster.ReplicationPullTimeout = 5s
	General.Cluster.ReplicationRetryTimeout = 5s
	General.Cluster.ReplicationBackgroundRefreshInterval = 5m0s
	General.Cluster.ReplicationMaxRetries = 12
	General.Cluster.SendBufferSize = 10
	General.Cluster.CertExpirationWarningThreshold = 168h0m0s
	General.Keepalive.ServerMinInterval = 1m0s
	General.Keepalive.ServerInterval = 2h0m0s
	General.Keepalive.ServerTimeout = 20s
	General.GenesisMethod = "file"
	General.GenesisProfile = "CommercialPaperOrdererGenesis"
	General.SystemChannel = "test-system-channel-name"
	General.GenesisFile = "/opt/gopath/src/github.com/hyperledger/fabric/orderer/commercialpaper-genesis.block"
	General.Profile.Enabled = true
	General.Profile.Address = "0.0.0.0:6060"
	General.LocalMSPDir = "/var/hyperledger/msp"
	General.LocalMSPID = "PapernetMSP"
	General.BCCSP.ProviderName = "SW"
	General.BCCSP.SwOpts.SecLevel = 256
	General.BCCSP.SwOpts.HashFamily = "SHA2"
	General.BCCSP.SwOpts.Ephemeral = false
	General.BCCSP.SwOpts.FileKeystore.KeyStorePath = "/var/hyperledger/msp/keystore"
	General.BCCSP.SwOpts.DummyKeystore =
	General.BCCSP.SwOpts.InmemKeystore =
	General.BCCSP.PluginOpts =
	General.Authentication.TimeWindow = 15m0s
	FileLedger.Location = "/opt/gopath/src/github.com/hyperledger/ledger"
	FileLedger.Prefix = "hyperfabrics-orderer"
	RAMLedger.HistorySize = 1000
	Kafka.Retry.ShortInterval = 5s
	Kafka.Retry.ShortTotal = 10m0s
	Kafka.Retry.LongInterval = 5m0s
	Kafka.Retry.LongTotal = 12h0m0s
	Kafka.Retry.NetworkTimeouts.DialTimeout = 10s
	Kafka.Retry.NetworkTimeouts.ReadTimeout = 10s
	Kafka.Retry.NetworkTimeouts.WriteTimeout = 10s
	Kafka.Retry.Metadata.RetryMax = 3
	Kafka.Retry.Metadata.RetryBackoff = 250ms
	Kafka.Retry.Producer.RetryMax = 3
	Kafka.Retry.Producer.RetryBackoff = 100ms
	Kafka.Retry.Consumer.RetryBackoff = 2s
	Kafka.Verbose = false
	Kafka.Version = 0.10.2.0
	Kafka.TLS.Enabled = false
	Kafka.TLS.PrivateKey = ""
	Kafka.TLS.Certificate = ""
	Kafka.TLS.RootCAs = []
	Kafka.TLS.ClientAuthRequired = false
	Kafka.TLS.ClientRootCAs = []
	Kafka.SASLPlain.Enabled = false
	Kafka.SASLPlain.User = ""
	Kafka.SASLPlain.Password = ""
	Kafka.Topic.ReplicationFactor = 3
	Debug.BroadcastTraceDir = ""
	Debug.DeliverTraceDir = ""
	Consensus = ""
	Operations.ListenAddress = "127.0.0.1:8443"
	Operations.TLS.Enabled = false
	Operations.TLS.PrivateKey = ""
	Operations.TLS.Certificate = ""
	Operations.TLS.RootCAs = []
	Operations.TLS.ClientAuthRequired = false
	Operations.TLS.ClientRootCAs = []
	Metrics.Provider = "disabled"
	Metrics.Statsd.Network = "udp"
	Metrics.Statsd.Address = "127.0.0.1:8125"
	Metrics.Statsd.WriteInterval = 30s
	Metrics.Statsd.Prefix = ""
panic: Error opening leveldb: resource temporarily unavailable

goroutine 1 [running]:
github.com/hyperledger/fabric/common/ledger/util/leveldbhelper.(*DB).Open(0xc00002f800)
	/opt/gopath/src/github.com/hyperledger/fabric/common/ledger/util/leveldbhelper/leveldb_helper.go:79 +0x271
github.com/hyperledger/fabric/common/ledger/util/leveldbhelper.NewProvider(0xc000030ff0, 0xc000030ff0)
	/opt/gopath/src/github.com/hyperledger/fabric/common/ledger/util/leveldbhelper/leveldb_provider.go:40 +0xda
github.com/hyperledger/fabric/common/ledger/blkstorage/fsblkstorage.NewProvider(0xc0001fc220, 0xc0001fc260, 0x7d2325, 0xc00000e4d8)
	/opt/gopath/src/github.com/hyperledger/fabric/common/ledger/blkstorage/fsblkstorage/fs_blockstore_provider.go:34 +0x7f
github.com/hyperledger/fabric/common/ledger/blockledger/file.New(0xc00004010c, 0x2d, 0x2, 0x2)
	/opt/gopath/src/github.com/hyperledger/fabric/common/ledger/blockledger/file/factory.go:71 +0xea
github.com/hyperledger/fabric/orderer/common/server.createLedgerFactory(0xc000240480, 0x1b89730, 0x0, 0x7ce857, 0xc0001181e0)
	/opt/gopath/src/github.com/hyperledger/fabric/orderer/common/server/util.go:32 +0x1dd
github.com/hyperledger/fabric/orderer/common/server.Start(0x1013e09, 0x5, 0xc000240480)
	/opt/gopath/src/github.com/hyperledger/fabric/orderer/common/server/main.go:104 +0x118
github.com/hyperledger/fabric/orderer/common/server.Main()
	/opt/gopath/src/github.com/hyperledger/fabric/orderer/common/server/main.go:91 +0x1ce
main.main()
	/opt/gopath/src/github.com/hyperledger/fabric/orderer/main.go:15 +0x20
